<?xml version="1.0" encoding="UTF-8"?>
<!-- Generated by org.testng.reporters.JUnitReportReporter -->
<testsuite hostname="VIGNESH-DESKTOP-M7BTJCA" failures="0" tests="1" name="Test.Guru99Login" time="4.009" errors="0" timestamp="2023-10-08T16:56:17 IST" skipped="0">
  <testcase classname="Test.Guru99Login" name="Login" time="4.009"/>
</testsuite> <!-- Test.Guru99Login -->
